<?xml version="1.0" encoding="UTF-8"?>
<!-- Generated by org.testng.reporters.JUnitReportReporter -->
<testsuite hostname="ws00k05r912" name="lqas.automation.AppTest" tests="2" failures="0" timestamp="10 Oct 2013 16:49:26 GMT" time="0.009" errors="0">
  <testcase name="secondTest" time="0.001" classname="lqas.automation.AppTest"/>
  <testcase name="firstTest" time="0.008" classname="lqas.automation.AppTest"/>
</testsuite> <!-- lqas.automation.AppTest -->
